#
# There is insufficient memory for the Java Runtime Environment to continue.
# Native memory allocation (malloc) failed to allocate 1048576 bytes. Error detail: AllocateHeap
# Possible reasons:
#   The system is out of physical RAM or swap space
#   This process is running with CompressedOops enabled, and the Java Heap may be blocking the growth of the native heap
# Possible solutions:
#   Reduce memory load on the system
#   Increase physical memory or swap space
#   Check if swap backing store is full
#   Decrease Java heap size (-Xmx/-Xms)
#   Decrease number of Java threads
#   Decrease Java thread stack sizes (-Xss)
#   Set larger code cache with -XX:ReservedCodeCacheSize=
#   JVM is running with Unscaled Compressed Oops mode in which the Java heap is
#     placed in the first 4GB address space. The Java Heap base address is the
#     maximum limit for the native heap growth. Please use -XX:HeapBaseMinAddress
#     to set the Java Heap base and to place the Java Heap above 4GB virtual address.
# This output file may be truncated or incomplete.
#
#  Out of Memory Error (allocation.cpp:44), pid=24748, tid=17516
#
# JRE version: OpenJDK Runtime Environment Temurin-21.0.10+7 (21.0.10+7) (build 21.0.10+7-LTS)
# Java VM: OpenJDK 64-Bit Server VM Temurin-21.0.10+7 (21.0.10+7-LTS, mixed mode, sharing, tiered, compressed oops, compressed class ptrs, parallel gc, windows-amd64)
# No core dump will be written. Minidumps are not enabled by default on client versions of Windows
#

---------------  S U M M A R Y ------------

Command Line: --add-modules=ALL-SYSTEM --add-opens=java.base/java.util=ALL-UNNAMED --add-opens=java.base/java.lang=ALL-UNNAMED --add-opens=java.base/sun.nio.fs=ALL-UNNAMED -Declipse.application=org.eclipse.jdt.ls.core.id1 -Dosgi.bundles.defaultStartLevel=4 -Declipse.product=org.eclipse.jdt.ls.core.product -Djava.import.generatesMetadataFilesAtProjectRoot=false -DDetectVMInstallationsJob.disabled=true -Dfile.encoding=utf8 -XX:+UseParallelGC -XX:GCTimeRatio=4 -XX:AdaptiveSizePolicyWeight=90 -Dsun.zip.disableMemoryMapping=true -Xmx2G -Xms100m -Xlog:disable -javaagent:c:\Users\chaut\.antigravity\extensions\redhat.java-1.54.0-win32-x64\lombok\lombok-1.18.39-4050.jar -XX:+HeapDumpOnOutOfMemoryError -XX:HeapDumpPath=c:\Users\chaut\AppData\Roaming\Antigravity\User\workspaceStorage\2a876be421e89e90d1b120b765d08934\redhat.java -Daether.dependencyCollector.impl=bf c:\Users\chaut\.antigravity\extensions\redhat.java-1.54.0-win32-x64\server\plugins\org.eclipse.equinox.launcher_1.7.100.v20251111-0406.jar -configuration c:\Users\chaut\AppData\Roaming\Antigravity\User\globalStorage\redhat.java\1.54.0\config_win -data c:\Users\chaut\AppData\Roaming\Antigravity\User\workspaceStorage\2a876be421e89e90d1b120b765d08934\redhat.java\jdt_ws --pipe=\\.\pipe\lsp-773dc298893cedcbeaae984737d7c0dd-sock

Host: 11th Gen Intel(R) Core(TM) i3-1115G4 @ 3.00GHz, 4 cores, 7G,  Windows 11 , 64 bit Build 22621 (10.0.22621.5415)
Time: Wed Jun 24 18:14:44 2026 SE Asia Standard Time elapsed time: 5639.118499 seconds (0d 1h 33m 59s)

---------------  T H R E A D  ---------------

Current thread (0x000001853fc1ffb0):  JavaThread "Attach Listener" daemon [_thread_in_vm, id=17516, stack(0x000000386fa00000,0x000000386fb00000) (1024K)]

Stack: [0x000000386fa00000,0x000000386fb00000]
Native frames: (J=compiled Java code, j=interpreted, Vv=VM code, C=native code)
V  [jvm.dll+0x6d7a39]
V  [jvm.dll+0x8b4b26]
V  [jvm.dll+0x8b70de]
V  [jvm.dll+0x8b77c3]
V  [jvm.dll+0x284346]
V  [jvm.dll+0xc1277]
V  [jvm.dll+0x6d82e9]
V  [jvm.dll+0x1334a6]
V  [jvm.dll+0x3f857e]
V  [jvm.dll+0x85f59d]
V  [jvm.dll+0x6d626d]
C  [ucrtbase.dll+0x29333]
C  [KERNEL32.DLL+0x1259d]
C  [ntdll.dll+0x5af78]


---------------  P R O C E S S  ---------------

Threads class SMR info:
_java_thread_list=0x000001858700c010, length=37, elements={
0x000001852922e7b0, 0x00000185292eb4e0, 0x00000185292ecbf0, 0x00000185292edca0,
0x000001853fc1ffb0, 0x000001853fc21790, 0x000001853fc23200, 0x000001853fc27fa0,
0x000001853fc9b850, 0x0000018581af3220, 0x0000018581c3fae0, 0x0000018586328090,
0x00000185861f2950, 0x0000018581b69130, 0x00000185863717f0, 0x0000018586a70c50,
0x00000185819d4120, 0x0000018586793b40, 0x000001858692c430, 0x000001858692bda0,
0x000001858692d7e0, 0x000001858692b710, 0x0000018588ade200, 0x0000018588ada6f0,
0x0000018588ade890, 0x0000018588add4e0, 0x0000018588ad7900, 0x0000018588adc7c0,
0x000001858671e4e0, 0x000001858671f200, 0x000001858671caa0, 0x0000018586722680,
0x0000018588ad7f90, 0x0000018591febc10, 0x0000018591fea860, 0x0000018591fe9b40,
0x0000018591feaef0
}

Java Threads: ( => current thread )
  0x000001852922e7b0 JavaThread "main"                              [_thread_blocked, id=1880, stack(0x000000386f300000,0x000000386f400000) (1024K)]
  0x00000185292eb4e0 JavaThread "Reference Handler"          daemon [_thread_blocked, id=63060, stack(0x000000386f700000,0x000000386f800000) (1024K)]
  0x00000185292ecbf0 JavaThread "Finalizer"                  daemon [_thread_blocked, id=17104, stack(0x000000386f800000,0x000000386f900000) (1024K)]
  0x00000185292edca0 JavaThread "Signal Dispatcher"          daemon [_thread_blocked, id=22840, stack(0x000000386f900000,0x000000386fa00000) (1024K)]
=>0x000001853fc1ffb0 JavaThread "Attach Listener"            daemon [_thread_in_vm, id=17516, stack(0x000000386fa00000,0x000000386fb00000) (1024K)]
  0x000001853fc21790 JavaThread "Service Thread"             daemon [_thread_blocked, id=44240, stack(0x000000386fb00000,0x000000386fc00000) (1024K)]
  0x000001853fc23200 JavaThread "Monitor Deflation Thread"   daemon [_thread_blocked, id=73424, stack(0x000000386fc00000,0x000000386fd00000) (1024K)]
  0x000001853fc27fa0 JavaThread "C2 CompilerThread0"         daemon [_thread_blocked, id=32028, stack(0x000000386fd00000,0x000000386fe00000) (1024K)]
  0x000001853fc9b850 JavaThread "C1 CompilerThread0"         daemon [_thread_blocked, id=13332, stack(0x000000386fe00000,0x000000386ff00000) (1024K)]
  0x0000018581af3220 JavaThread "Common-Cleaner"             daemon [_thread_blocked, id=22800, stack(0x000000386ff00000,0x0000003870000000) (1024K)]
  0x0000018581c3fae0 JavaThread "Notification Thread"        daemon [_thread_blocked, id=12508, stack(0x0000003870000000,0x0000003870100000) (1024K)]
  0x0000018586328090 JavaThread "Active Thread: Equinox Container: 868f3454-a3d9-4bef-878a-924fdb92b5ba"        [_thread_blocked, id=70224, stack(0x0000003870400000,0x0000003870500000) (1024K)]
  0x00000185861f2950 JavaThread "Refresh Thread: Equinox Container: 868f3454-a3d9-4bef-878a-924fdb92b5ba" daemon [_thread_blocked, id=72268, stack(0x0000003870500000,0x0000003870600000) (1024K)]
  0x0000018581b69130 JavaThread "Framework Event Dispatcher: Equinox Container: 868f3454-a3d9-4bef-878a-924fdb92b5ba" daemon [_thread_blocked, id=10976, stack(0x0000003870600000,0x0000003870700000) (1024K)]
  0x00000185863717f0 JavaThread "Start Level: Equinox Container: 868f3454-a3d9-4bef-878a-924fdb92b5ba" daemon [_thread_blocked, id=8012, stack(0x0000003870700000,0x0000003870800000) (1024K)]
  0x0000018586a70c50 JavaThread "Bundle File Closer"         daemon [_thread_blocked, id=44704, stack(0x0000003870900000,0x0000003870a00000) (1024K)]
  0x00000185819d4120 JavaThread "SCR Component Actor"        daemon [_thread_blocked, id=23816, stack(0x0000003870800000,0x0000003870900000) (1024K)]
  0x0000018586793b40 JavaThread "Worker-JM"                         [_thread_blocked, id=42424, stack(0x0000003870b00000,0x0000003870c00000) (1024K)]
  0x000001858692c430 JavaThread "JNA Cleaner"                daemon [_thread_blocked, id=32044, stack(0x0000003870a00000,0x0000003870b00000) (1024K)]
  0x000001858692bda0 JavaThread "Java indexing"              daemon [_thread_blocked, id=62344, stack(0x0000003870e00000,0x0000003870f00000) (1024K)]
  0x000001858692d7e0 JavaThread "Thread-1"                   daemon [_thread_in_native, id=4660, stack(0x0000003871200000,0x0000003871300000) (1024K)]
  0x000001858692b710 JavaThread "Thread-2"                   daemon [_thread_in_native, id=53436, stack(0x0000003871300000,0x0000003871400000) (1024K)]
  0x0000018588ade200 JavaThread "Thread-3"                   daemon [_thread_in_native, id=44248, stack(0x0000003871400000,0x0000003871500000) (1024K)]
  0x0000018588ada6f0 JavaThread "Thread-4"                   daemon [_thread_in_native, id=2512, stack(0x0000003871500000,0x0000003871600000) (1024K)]
  0x0000018588ade890 JavaThread "Thread-5"                   daemon [_thread_in_native, id=34728, stack(0x0000003871600000,0x0000003871700000) (1024K)]
  0x0000018588add4e0 JavaThread "pool-2-thread-1"                   [_thread_blocked, id=21240, stack(0x0000003871700000,0x0000003871800000) (1024K)]
  0x0000018588ad7900 JavaThread "WorkspaceEventsHandler"            [_thread_blocked, id=7196, stack(0x0000003871900000,0x0000003871a00000) (1024K)]
  0x0000018588adc7c0 JavaThread "pool-1-thread-1"                   [_thread_blocked, id=33412, stack(0x0000003871a00000,0x0000003871b00000) (1024K)]
  0x000001858671e4e0 JavaThread "Cleaner-0"                  daemon [_thread_blocked, id=73428, stack(0x0000003870f00000,0x0000003871000000) (1024K)]
  0x000001858671f200 JavaThread "Java Debug Server"          daemon [_thread_in_native, id=47532, stack(0x0000003870d00000,0x0000003870e00000) (1024K)]
  0x000001858671caa0 JavaThread "RxSchedulerPurge-1"         daemon [_thread_blocked, id=3256, stack(0x0000003871800000,0x0000003871900000) (1024K)]
  0x0000018586722680 JavaThread "RxCachedWorkerPoolEvictor-1" daemon [_thread_blocked, id=59080, stack(0x0000003871b00000,0x0000003871c00000) (1024K)]
  0x0000018588ad7f90 JavaThread "Worker-14"                         [_thread_blocked, id=30468, stack(0x0000003871c00000,0x0000003871d00000) (1024K)]
  0x0000018591febc10 JavaThread "pool-8-thread-3"                   [_thread_in_native, id=12088, stack(0x0000003871100000,0x0000003871200000) (1024K)]
  0x0000018591fea860 JavaThread "RxNewThreadScheduler-9"     daemon [_thread_blocked, id=18912, stack(0x0000003871d00000,0x0000003871e00000) (1024K)]
  0x0000018591fe9b40 JavaThread "process reaper (pid 9404)"  daemon [_thread_in_native, id=50864, stack(0x000000386ed40000,0x000000386ed60000) (128K)]
  0x0000018591feaef0 JavaThread "Worker-17"                         [_thread_blocked, id=28648, stack(0x000000386f200000,0x000000386f300000) (1024K)]
Total: 37

Other Threads:
  0x000001853fc1fad0 VMThread "VM Thread"                           [id=42784, stack(0x000000386f600000,0x000000386f700000) (1024K)]
  0x000001852929c300 WatcherThread "VM Periodic Task Thread"        [id=73120, stack(0x000000386f500000,0x000000386f600000) (1024K)]
  0x000001852924eea0 WorkerThread "GC Thread#0"                     [id=67132, stack(0x000000386f400000,0x000000386f500000) (1024K)]
  0x000001858618b240 WorkerThread "GC Thread#1"                     [id=40124, stack(0x0000003870100000,0x0000003870200000) (1024K)]
  0x000001858618aae0 WorkerThread "GC Thread#2"                     [id=35344, stack(0x0000003870200000,0x0000003870300000) (1024K)]
  0x000001858618a380 WorkerThread "GC Thread#3"                     [id=65416, stack(0x0000003870300000,0x0000003870400000) (1024K)]
Total: 6

Threads with active compile tasks:
Total: 0

VM state: not at safepoint (normal execution)

VM Mutex/Monitor currently owned by a thread: None

Heap address: 0x0000000080000000, size: 2048 MB, Compressed Oops mode: 32-bit

CDS archive(s) mapped at: [0x0000018540000000-0x0000018540ba0000-0x0000018540ba0000), size 12189696, SharedBaseAddress: 0x0000018540000000, ArchiveRelocationMode: 1.
Compressed class space mapped at: 0x0000018541000000-0x0000018581000000, reserved size: 1073741824
Narrow klass base: 0x0000018540000000, Narrow klass shift: 0, Narrow klass range: 0x100000000

GC Precious Log:
 CardTable entry size: 512
 CPUs: 4 total, 4 available
 Memory: 7914M
 Large Page Support: Disabled
 NUMA Support: Disabled
 Compressed Oops: Enabled (32-bit)
 Alignments: Space 512K, Generation 512K, Heap 2M
 Heap Min Capacity: 100M
 Heap Initial Capacity: 100M
 Heap Max Capacity: 2G
 Pre-touch: Disabled
 Parallel Workers: 4

Heap:
 PSYoungGen      total 15872K, used 13776K [0x00000000d5580000, 0x00000000d6880000, 0x0000000100000000)
  eden space 14336K, 88% used [0x00000000d5580000,0x00000000d61f0210,0x00000000d6380000)
  from space 1536K, 67% used [0x00000000d6700000,0x00000000d6804050,0x00000000d6880000)
  to   space 2048K, 0% used [0x00000000d6480000,0x00000000d6480000,0x00000000d6680000)
 ParOldGen       total 479744K, used 157158K [0x0000000080000000, 0x000000009d480000, 0x00000000d5580000)
  object space 479744K, 32% used [0x0000000080000000,0x0000000089979b38,0x000000009d480000)
 Metaspace       used 88162K, committed 90688K, reserved 1179648K
  class space    used 8923K, committed 9920K, reserved 1048576K

Card table byte_map: [0x0000018528bd0000,0x0000018528fe0000] _byte_map_base: 0x00000185287d0000

Marking Bits: (ParMarkBitMap*) 0x00007ffe901f3450
 Begin Bits: [0x000001853b6e0000, 0x000001853d6e0000)
 End Bits:   [0x000001853d6e0000, 0x000001853f6e0000)

Polling page: 0x0000018527010000

Metaspace:

Usage:
  Non-class:     77.38 MB used.
      Class:      8.71 MB used.
       Both:     86.10 MB used.

Virtual space:
  Non-class space:      128.00 MB reserved,      78.88 MB ( 62%) committed,  2 nodes.
      Class space:        1.00 GB reserved,       9.69 MB ( <1%) committed,  1 nodes.
             Both:        1.12 GB reserved,      88.56 MB (  8%) committed. 

Chunk freelists:
   Non-Class:  1.34 MB
       Class:  6.68 MB
        Both:  8.03 MB

MaxMetaspaceSize: unlimited
CompressedClassSpaceSize: 1.00 GB
Initial GC threshold: 21.00 MB
Current GC threshold: 147.62 MB
CDS: on
 - commit_granule_bytes: 65536.
 - commit_granule_words: 8192.
 - virtual_space_node_default_size: 8388608.
 - enlarge_chunks_in_place: 1.
 - use_allocation_guard: 0.


Internal statistics:

num_allocs_failed_limit: 9.
num_arena_births: 1690.
num_arena_deaths: 578.
num_vsnodes_births: 3.
num_vsnodes_deaths: 0.
num_space_committed: 1423.
num_space_uncommitted: 6.
num_chunks_returned_to_freelist: 746.
num_chunks_taken_from_freelist: 5904.
num_chunk_merges: 226.
num_chunk_splits: 3546.
num_chunks_enlarged: 2043.
num_inconsistent_stats: 0.

CodeHeap 'non-profiled nmethods': size=120000Kb used=18519Kb max_used=20395Kb free=101480Kb
 bounds [0x0000018533f00000, 0x00000185352f0000, 0x000001853b430000]
CodeHeap 'profiled nmethods': size=120000Kb used=43237Kb max_used=52682Kb free=76762Kb
 bounds [0x000001852c430000, 0x000001852f7b0000, 0x0000018533960000]
CodeHeap 'non-nmethods': size=5760Kb used=1541Kb max_used=1602Kb free=4219Kb
 bounds [0x0000018533960000, 0x0000018533bd0000, 0x0000018533f00000]
CodeCache: size=245760Kb, used=63297Kb, max_used=74679Kb, free=182461Kb
 total_blobs=18511, nmethods=17653, adapters=761, full_count=0
Compilation: enabled, stopped_count=0, restarted_count=0

Compilation events (20 events):
Event: 4639.065 Thread 0x000001853fc9b850 22505       3       org.eclipse.core.internal.dtree.DeltaDataTree::getData (135 bytes)
Event: 4639.067 Thread 0x000001853fc9b850 nmethod 22505 0x000001852c6a3110 code [0x000001852c6a33e0, 0x000001852c6a42a8]
Event: 4639.067 Thread 0x000001853fc9b850 22504       3       org.eclipse.jdt.internal.core.builder.BuildNotifier::problemsMessage (397 bytes)
Event: 4639.068 Thread 0x000001853fc9b850 nmethod 22504 0x000001852c832190 code [0x000001852c832660, 0x000001852c834038]
Event: 4651.329 Thread 0x000001853fc27fa0 22506       4       java.util.concurrent.ThreadPoolExecutor$Worker::lock (6 bytes)
Event: 4651.331 Thread 0x000001853fc27fa0 nmethod 22506 0x00000185340c6590 code [0x00000185340c6720, 0x00000185340c6800]
Event: 4651.333 Thread 0x000001853fc27fa0 22507   !   4       java.util.concurrent.ThreadPoolExecutor::getTask (177 bytes)
Event: 4651.391 Thread 0x000001853fc27fa0 nmethod 22507 0x0000018535032e10 code [0x0000018535033320, 0x00000185350358b8]
Event: 4857.516 Thread 0x000001853fc9b850 22508       3       com.google.gson.stream.JsonReader::endArray (60 bytes)
Event: 4857.526 Thread 0x000001853fc9b850 nmethod 22508 0x000001852c932f10 code [0x000001852c9330e0, 0x000001852c9333c8]
Event: 4892.293 Thread 0x000001853fc9b850 22509       3       com.google.gson.stream.JsonReader::beginArray (52 bytes)
Event: 4892.294 Thread 0x000001853fc9b850 nmethod 22509 0x000001852c5e7410 code [0x000001852c5e75e0, 0x000001852c5e78f0]
Event: 5225.515 Thread 0x000001853fc27fa0 22510   !   4       java.util.concurrent.locks.AbstractQueuedSynchronizer::tryInitializeHead (66 bytes)
Event: 5225.542 Thread 0x000001853fc27fa0 nmethod 22510 0x000001853420eb90 code [0x000001853420ed20, 0x000001853420eef8]
Event: 5239.301 Thread 0x000001853fc27fa0 22511       4       java.util.concurrent.Executors$RunnableAdapter::call (14 bytes)
Event: 5239.306 Thread 0x000001853fc27fa0 nmethod 22511 0x0000018533f79c90 code [0x0000018533f79e20, 0x0000018533f79ee0]
Event: 5318.340 Thread 0x000001853fc27fa0 22512       4       java.util.concurrent.ScheduledThreadPoolExecutor$DelayedWorkQueue::add (9 bytes)
Event: 5318.419 Thread 0x000001853fc27fa0 nmethod 22512 0x0000018533f46190 code [0x0000018533f463c0, 0x0000018533f46948]
Event: 5322.329 Thread 0x000001853fc27fa0 22513       4       java.util.concurrent.ScheduledThreadPoolExecutor$ScheduledFutureTask::run (57 bytes)
Event: 5322.425 Thread 0x000001853fc27fa0 nmethod 22513 0x00000185342d1a90 code [0x00000185342d1d60, 0x00000185342d2928]

GC Heap History (20 events):
Event: 4342.486 GC heap before
{Heap before GC invocations=1018 (full 5):
 PSYoungGen      total 8704K, used 8144K [0x00000000d5580000, 0x00000000d6500000, 0x0000000100000000)
  eden space 4096K, 91% used [0x00000000d5580000,0x00000000d5924178,0x00000000d5980000)
  from space 4608K, 95% used [0x00000000d5e80000,0x00000000d62d0000,0x00000000d6300000)
  to   space 5120K, 0% used [0x00000000d5980000,0x00000000d5980000,0x00000000d5e80000)
 ParOldGen       total 479744K, used 104806K [0x0000000080000000, 0x000000009d480000, 0x00000000d5580000)
  object space 479744K, 21% used [0x0000000080000000,0x0000000086659b68,0x000000009d480000)
 Metaspace       used 87976K, committed 90688K, reserved 1179648K
  class space    used 8903K, committed 9920K, reserved 1048576K
}
Event: 4342.499 GC heap after
{Heap after GC invocations=1018 (full 5):
 PSYoungGen      total 7680K, used 3096K [0x00000000d5580000, 0x00000000d6180000, 0x0000000100000000)
  eden space 4096K, 0% used [0x00000000d5580000,0x00000000d5580000,0x00000000d5980000)
  from space 3584K, 86% used [0x00000000d5980000,0x00000000d5c86000,0x00000000d5d00000)
  to   space 3584K, 0% used [0x00000000d5e00000,0x00000000d5e00000,0x00000000d6180000)
 ParOldGen       total 479744K, used 109158K [0x0000000080000000, 0x000000009d480000, 0x00000000d5580000)
  object space 479744K, 22% used [0x0000000080000000,0x0000000086a99b68,0x000000009d480000)
 Metaspace       used 87976K, committed 90688K, reserved 1179648K
  class space    used 8903K, committed 9920K, reserved 1048576K
}
Event: 4342.545 GC heap before
{Heap before GC invocations=1019 (full 5):
 PSYoungGen      total 7680K, used 7192K [0x00000000d5580000, 0x00000000d6180000, 0x0000000100000000)
  eden space 4096K, 100% used [0x00000000d5580000,0x00000000d5980000,0x00000000d5980000)
  from space 3584K, 86% used [0x00000000d5980000,0x00000000d5c86000,0x00000000d5d00000)
  to   space 3584K, 0% used [0x00000000d5e00000,0x00000000d5e00000,0x00000000d6180000)
 ParOldGen       total 479744K, used 109158K [0x0000000080000000, 0x000000009d480000, 0x00000000d5580000)
  object space 479744K, 22% used [0x0000000080000000,0x0000000086a99b68,0x000000009d480000)
 Metaspace       used 87994K, committed 90688K, reserved 1179648K
  class space    used 8906K, committed 9920K, reserved 1048576K
}
Event: 4342.555 GC heap after
{Heap after GC invocations=1019 (full 5):
 PSYoungGen      total 7680K, used 2118K [0x00000000d5580000, 0x00000000d6080000, 0x0000000100000000)
  eden space 5120K, 0% used [0x00000000d5580000,0x00000000d5580000,0x00000000d5a80000)
  from space 2560K, 82% used [0x00000000d5e00000,0x00000000d6011bd0,0x00000000d6080000)
  to   space 3072K, 0% used [0x00000000d5a80000,0x00000000d5a80000,0x00000000d5d80000)
 ParOldGen       total 479744K, used 111710K [0x0000000080000000, 0x000000009d480000, 0x00000000d5580000)
  object space 479744K, 23% used [0x0000000080000000,0x0000000086d17b68,0x000000009d480000)
 Metaspace       used 87994K, committed 90688K, reserved 1179648K
  class space    used 8906K, committed 9920K, reserved 1048576K
}
Event: 4342.588 GC heap before
{Heap before GC invocations=1020 (full 5):
 PSYoungGen      total 7680K, used 7238K [0x00000000d5580000, 0x00000000d6080000, 0x0000000100000000)
  eden space 5120K, 100% used [0x00000000d5580000,0x00000000d5a80000,0x00000000d5a80000)
  from space 2560K, 82% used [0x00000000d5e00000,0x00000000d6011bd0,0x00000000d6080000)
  to   space 3072K, 0% used [0x00000000d5a80000,0x00000000d5a80000,0x00000000d5d80000)
 ParOldGen       total 479744K, used 119390K [0x0000000080000000, 0x000000009d480000, 0x00000000d5580000)
  object space 479744K, 24% used [0x0000000080000000,0x0000000087497b78,0x000000009d480000)
 Metaspace       used 87994K, committed 90688K, reserved 1179648K
  class space    used 8906K, committed 9920K, reserved 1048576K
}
Event: 4342.594 GC heap after
{Heap after GC invocations=1020 (full 5):
 PSYoungGen      total 8192K, used 3065K [0x00000000d5580000, 0x00000000d6980000, 0x0000000100000000)
  eden space 5120K, 0% used [0x00000000d5580000,0x00000000d5580000,0x00000000d5a80000)
  from space 3072K, 99% used [0x00000000d5a80000,0x00000000d5d7e730,0x00000000d5d80000)
  to   space 7168K, 0% used [0x00000000d6280000,0x00000000d6280000,0x00000000d6980000)
 ParOldGen       total 479744K, used 122632K [0x0000000080000000, 0x000000009d480000, 0x00000000d5580000)
  object space 479744K, 25% used [0x0000000080000000,0x00000000877c2120,0x000000009d480000)
 Metaspace       used 87994K, committed 90688K, reserved 1179648K
  class space    used 8906K, committed 9920K, reserved 1048576K
}
Event: 4342.705 GC heap before
{Heap before GC invocations=1021 (full 5):
 PSYoungGen      total 8192K, used 8185K [0x00000000d5580000, 0x00000000d6980000, 0x0000000100000000)
  eden space 5120K, 100% used [0x00000000d5580000,0x00000000d5a80000,0x00000000d5a80000)
  from space 3072K, 99% used [0x00000000d5a80000,0x00000000d5d7e730,0x00000000d5d80000)
  to   space 7168K, 0% used [0x00000000d6280000,0x00000000d6280000,0x00000000d6980000)
 ParOldGen       total 479744K, used 145672K [0x0000000080000000, 0x000000009d480000, 0x00000000d5580000)
  object space 479744K, 30% used [0x0000000080000000,0x0000000088e42140,0x000000009d480000)
 Metaspace       used 87994K, committed 90688K, reserved 1179648K
  class space    used 8906K, committed 9920K, reserved 1048576K
}
Event: 4342.748 GC heap after
{Heap after GC invocations=1021 (full 5):
 PSYoungGen      total 9216K, used 3055K [0x00000000d5580000, 0x00000000d6580000, 0x0000000100000000)
  eden space 6144K, 0% used [0x00000000d5580000,0x00000000d5580000,0x00000000d5b80000)
  from space 3072K, 99% used [0x00000000d6280000,0x00000000d657bd78,0x00000000d6580000)
  to   space 4608K, 0% used [0x00000000d5c80000,0x00000000d5c80000,0x00000000d6100000)
 ParOldGen       total 479744K, used 148714K [0x0000000080000000, 0x000000009d480000, 0x00000000d5580000)
  object space 479744K, 30% used [0x0000000080000000,0x000000008913ab48,0x000000009d480000)
 Metaspace       used 87994K, committed 90688K, reserved 1179648K
  class space    used 8906K, committed 9920K, reserved 1048576K
}
Event: 4342.767 GC heap before
{Heap before GC invocations=1022 (full 5):
 PSYoungGen      total 9216K, used 9199K [0x00000000d5580000, 0x00000000d6580000, 0x0000000100000000)
  eden space 6144K, 100% used [0x00000000d5580000,0x00000000d5b80000,0x00000000d5b80000)
  from space 3072K, 99% used [0x00000000d6280000,0x00000000d657bd78,0x00000000d6580000)
  to   space 4608K, 0% used [0x00000000d5c80000,0x00000000d5c80000,0x00000000d6100000)
 ParOldGen       total 479744K, used 148714K [0x0000000080000000, 0x000000009d480000, 0x00000000d5580000)
  object space 479744K, 30% used [0x0000000080000000,0x000000008913ab48,0x000000009d480000)
 Metaspace       used 88001K, committed 90688K, reserved 1179648K
  class space    used 8906K, committed 9920K, reserved 1048576K
}
Event: 4342.810 GC heap after
{Heap after GC invocations=1022 (full 5):
 PSYoungGen      total 11776K, used 512K [0x00000000d5580000, 0x00000000d6300000, 0x0000000100000000)
  eden space 7168K, 0% used [0x00000000d5580000,0x00000000d5580000,0x00000000d5c80000)
  from space 4608K, 11% used [0x00000000d5c80000,0x00000000d5d00040,0x00000000d6100000)
  to   space 2048K, 0% used [0x00000000d6100000,0x00000000d6100000,0x00000000d6300000)
 ParOldGen       total 479744K, used 151678K [0x0000000080000000, 0x000000009d480000, 0x00000000d5580000)
  object space 479744K, 31% used [0x0000000080000000,0x000000008941f9a8,0x000000009d480000)
 Metaspace       used 88001K, committed 90688K, reserved 1179648K
  class space    used 8906K, committed 9920K, reserved 1048576K
}
Event: 4342.824 GC heap before
{Heap before GC invocations=1023 (full 5):
 PSYoungGen      total 11776K, used 7680K [0x00000000d5580000, 0x00000000d6300000, 0x0000000100000000)
  eden space 7168K, 100% used [0x00000000d5580000,0x00000000d5c80000,0x00000000d5c80000)
  from space 4608K, 11% used [0x00000000d5c80000,0x00000000d5d00040,0x00000000d6100000)
  to   space 2048K, 0% used [0x00000000d6100000,0x00000000d6100000,0x00000000d6300000)
 ParOldGen       total 479744K, used 151678K [0x0000000080000000, 0x000000009d480000, 0x00000000d5580000)
  object space 479744K, 31% used [0x0000000080000000,0x000000008941f9a8,0x000000009d480000)
 Metaspace       used 88003K, committed 90688K, reserved 1179648K
  class space    used 8906K, committed 9920K, reserved 1048576K
}
Event: 4342.835 GC heap after
{Heap after GC invocations=1023 (full 5):
 PSYoungGen      total 9728K, used 640K [0x00000000d5580000, 0x00000000d6200000, 0x0000000100000000)
  eden space 8704K, 0% used [0x00000000d5580000,0x00000000d5580000,0x00000000d5e00000)
  from space 1024K, 62% used [0x00000000d6100000,0x00000000d61a0020,0x00000000d6200000)
  to   space 1024K, 0% used [0x00000000d6000000,0x00000000d6000000,0x00000000d6100000)
 ParOldGen       total 479744K, used 152126K [0x0000000080000000, 0x000000009d480000, 0x00000000d5580000)
  object space 479744K, 31% used [0x0000000080000000,0x000000008948f9e8,0x000000009d480000)
 Metaspace       used 88003K, committed 90688K, reserved 1179648K
  class space    used 8906K, committed 9920K, reserved 1048576K
}
Event: 4343.390 GC heap before
{Heap before GC invocations=1024 (full 5):
 PSYoungGen      total 9728K, used 9344K [0x00000000d5580000, 0x00000000d6200000, 0x0000000100000000)
  eden space 8704K, 100% used [0x00000000d5580000,0x00000000d5e00000,0x00000000d5e00000)
  from space 1024K, 62% used [0x00000000d6100000,0x00000000d61a0020,0x00000000d6200000)
  to   space 1024K, 0% used [0x00000000d6000000,0x00000000d6000000,0x00000000d6100000)
 ParOldGen       total 479744K, used 152126K [0x0000000080000000, 0x000000009d480000, 0x00000000d5580000)
  object space 479744K, 31% used [0x0000000080000000,0x000000008948f9e8,0x000000009d480000)
 Metaspace       used 88020K, committed 90688K, reserved 1179648K
  class space    used 8906K, committed 9920K, reserved 1048576K
}
Event: 4343.394 GC heap after
{Heap after GC invocations=1024 (full 5):
 PSYoungGen      total 11776K, used 1008K [0x00000000d5580000, 0x00000000d6500000, 0x0000000100000000)
  eden space 10752K, 0% used [0x00000000d5580000,0x00000000d5580000,0x00000000d6000000)
  from space 1024K, 98% used [0x00000000d6000000,0x00000000d60fc010,0x00000000d6100000)
  to   space 2560K, 0% used [0x00000000d6280000,0x00000000d6280000,0x00000000d6500000)
 ParOldGen       total 479744K, used 153003K [0x0000000080000000, 0x000000009d480000, 0x00000000d5580000)
  object space 479744K, 31% used [0x0000000080000000,0x000000008956ac38,0x000000009d480000)
 Metaspace       used 88020K, committed 90688K, reserved 1179648K
  class space    used 8906K, committed 9920K, reserved 1048576K
}
Event: 4343.409 GC heap before
{Heap before GC invocations=1025 (full 5):
 PSYoungGen      total 11776K, used 11760K [0x00000000d5580000, 0x00000000d6500000, 0x0000000100000000)
  eden space 10752K, 100% used [0x00000000d5580000,0x00000000d6000000,0x00000000d6000000)
  from space 1024K, 98% used [0x00000000d6000000,0x00000000d60fc010,0x00000000d6100000)
  to   space 2560K, 0% used [0x00000000d6280000,0x00000000d6280000,0x00000000d6500000)
 ParOldGen       total 479744K, used 153003K [0x0000000080000000, 0x000000009d480000, 0x00000000d5580000)
  object space 479744K, 31% used [0x0000000080000000,0x000000008956ac38,0x000000009d480000)
 Metaspace       used 88020K, committed 90688K, reserved 1179648K
  class space    used 8906K, committed 9920K, reserved 1048576K
}
Event: 4343.415 GC heap after
{Heap after GC invocations=1025 (full 5):
 PSYoungGen      total 14336K, used 1160K [0x00000000d5580000, 0x00000000d6580000, 0x0000000100000000)
  eden space 11776K, 0% used [0x00000000d5580000,0x00000000d5580000,0x00000000d6100000)
  from space 2560K, 45% used [0x00000000d6280000,0x00000000d63a2340,0x00000000d6500000)
  to   space 1536K, 0% used [0x00000000d6100000,0x00000000d6100000,0x00000000d6280000)
 ParOldGen       total 479744K, used 154043K [0x0000000080000000, 0x000000009d480000, 0x00000000d5580000)
  object space 479744K, 32% used [0x0000000080000000,0x000000008966ee70,0x000000009d480000)
 Metaspace       used 88020K, committed 90688K, reserved 1179648K
  class space    used 8906K, committed 9920K, reserved 1048576K
}
Event: 4343.449 GC heap before
{Heap before GC invocations=1026 (full 5):
 PSYoungGen      total 14336K, used 12936K [0x00000000d5580000, 0x00000000d6580000, 0x0000000100000000)
  eden space 11776K, 100% used [0x00000000d5580000,0x00000000d6100000,0x00000000d6100000)
  from space 2560K, 45% used [0x00000000d6280000,0x00000000d63a2340,0x00000000d6500000)
  to   space 1536K, 0% used [0x00000000d6100000,0x00000000d6100000,0x00000000d6280000)
 ParOldGen       total 479744K, used 154043K [0x0000000080000000, 0x000000009d480000, 0x00000000d5580000)
  object space 479744K, 32% used [0x0000000080000000,0x000000008966ee70,0x000000009d480000)
 Metaspace       used 88030K, committed 90688K, reserved 1179648K
  class space    used 8906K, committed 9920K, reserved 1048576K
}
Event: 4343.457 GC heap after
{Heap after GC invocations=1026 (full 5):
 PSYoungGen      total 13312K, used 1530K [0x00000000d5580000, 0x00000000d6a80000, 0x0000000100000000)
  eden space 11776K, 0% used [0x00000000d5580000,0x00000000d5580000,0x00000000d6100000)
  from space 1536K, 99% used [0x00000000d6100000,0x00000000d627e920,0x00000000d6280000)
  to   space 3584K, 0% used [0x00000000d6700000,0x00000000d6700000,0x00000000d6a80000)
 ParOldGen       total 479744K, used 155634K [0x0000000080000000, 0x000000009d480000, 0x00000000d5580000)
  object space 479744K, 32% used [0x0000000080000000,0x00000000897fc940,0x000000009d480000)
 Metaspace       used 88030K, committed 90688K, reserved 1179648K
  class space    used 8906K, committed 9920K, reserved 1048576K
}
Event: 4343.472 GC heap before
{Heap before GC invocations=1027 (full 5):
 PSYoungGen      total 13312K, used 13306K [0x00000000d5580000, 0x00000000d6a80000, 0x0000000100000000)
  eden space 11776K, 100% used [0x00000000d5580000,0x00000000d6100000,0x00000000d6100000)
  from space 1536K, 99% used [0x00000000d6100000,0x00000000d627e920,0x00000000d6280000)
  to   space 3584K, 0% used [0x00000000d6700000,0x00000000d6700000,0x00000000d6a80000)
 ParOldGen       total 479744K, used 155634K [0x0000000080000000, 0x000000009d480000, 0x00000000d5580000)
  object space 479744K, 32% used [0x0000000080000000,0x00000000897fc940,0x000000009d480000)
 Metaspace       used 88046K, committed 90688K, reserved 1179648K
  class space    used 8906K, committed 9920K, reserved 1048576K
}
Event: 4343.484 GC heap after
{Heap after GC invocations=1027 (full 5):
 PSYoungGen      total 15872K, used 1040K [0x00000000d5580000, 0x00000000d6880000, 0x0000000100000000)
  eden space 14336K, 0% used [0x00000000d5580000,0x00000000d5580000,0x00000000d6380000)
  from space 1536K, 67% used [0x00000000d6700000,0x00000000d6804050,0x00000000d6880000)
  to   space 2048K, 0% used [0x00000000d6480000,0x00000000d6480000,0x00000000d6680000)
 ParOldGen       total 479744K, used 157158K [0x0000000080000000, 0x000000009d480000, 0x00000000d5580000)
  object space 479744K, 32% used [0x0000000080000000,0x0000000089979b38,0x000000009d480000)
 Metaspace       used 88046K, committed 90688K, reserved 1179648K
  class space    used 8906K, committed 9920K, reserved 1048576K
}

Dll operation events (12 events):
Event: 0.062 Loaded shared library c:\Users\chaut\.antigravity\extensions\redhat.java-1.54.0-win32-x64\jre\21.0.10-win32-x86_64\bin\java.dll
Event: 0.214 Loaded shared library c:\Users\chaut\.antigravity\extensions\redhat.java-1.54.0-win32-x64\jre\21.0.10-win32-x86_64\bin\zip.dll
Event: 0.301 Loaded shared library C:\Users\chaut\.antigravity\extensions\redhat.java-1.54.0-win32-x64\jre\21.0.10-win32-x86_64\bin\instrument.dll
Event: 0.310 Loaded shared library C:\Users\chaut\.antigravity\extensions\redhat.java-1.54.0-win32-x64\jre\21.0.10-win32-x86_64\bin\net.dll
Event: 0.314 Loaded shared library C:\Users\chaut\.antigravity\extensions\redhat.java-1.54.0-win32-x64\jre\21.0.10-win32-x86_64\bin\nio.dll
Event: 0.317 Loaded shared library C:\Users\chaut\.antigravity\extensions\redhat.java-1.54.0-win32-x64\jre\21.0.10-win32-x86_64\bin\zip.dll
Event: 0.375 Loaded shared library C:\Users\chaut\.antigravity\extensions\redhat.java-1.54.0-win32-x64\jre\21.0.10-win32-x86_64\bin\jimage.dll
Event: 0.615 Loaded shared library c:\Users\chaut\.antigravity\extensions\redhat.java-1.54.0-win32-x64\jre\21.0.10-win32-x86_64\bin\verify.dll
Event: 15.175 Loaded shared library C:\Users\chaut\AppData\Roaming\Antigravity\User\globalStorage\redhat.java\1.54.0\config_win\org.eclipse.equinox.launcher\org.eclipse.equinox.launcher.win32.win32.x86_64_1.3.0.v20260203-2149\eclipse_11919.dll
Event: 31.744 Loaded shared library C:\Users\chaut\AppData\Local\Temp\jna-94623803\jna706866107265423047.dll
Event: 422.496 Loaded shared library C:\Users\chaut\.antigravity\extensions\redhat.java-1.54.0-win32-x64\jre\21.0.10-win32-x86_64\bin\extnet.dll
Event: 422.654 Loaded shared library C:\Users\chaut\.antigravity\extensions\redhat.java-1.54.0-win32-x64\jre\21.0.10-win32-x86_64\bin\sunmscapi.dll

Deoptimization events (20 events):
Event: 4638.882 Thread 0x0000018588ad7f90 Uncommon trap: trap_request=0xffffff45 fr.pc=0x0000018535005664 relative=0x0000000000000a44
Event: 4638.882 Thread 0x0000018588ad7f90 Uncommon trap: reason=unstable_if action=reinterpret pc=0x0000018535005664 method=org.eclipse.core.internal.dtree.DeltaDataTree.getData(Lorg/eclipse/core/runtime/IPath;)Ljava/lang/Object; @ 56 c2
Event: 4638.882 Thread 0x0000018588ad7f90 DEOPT PACKING pc=0x0000018535005664 sp=0x0000003871cfea90
Event: 4638.882 Thread 0x0000018588ad7f90 DEOPT UNPACKING pc=0x00000185339b6da2 sp=0x0000003871cfea48 mode 2
Event: 5319.341 Thread 0x000001858671caa0 Uncommon trap: trap_request=0xffffffd6 fr.pc=0x0000018533f466c8 relative=0x0000000000000308
Event: 5319.341 Thread 0x000001858671caa0 Uncommon trap: reason=array_check action=maybe_recompile pc=0x0000018533f466c8 method=java.util.concurrent.ScheduledThreadPoolExecutor$DelayedWorkQueue.offer(Ljava/lang/Runnable;)Z @ 65 c2
Event: 5319.341 Thread 0x000001858671caa0 DEOPT PACKING pc=0x0000018533f466c8 sp=0x00000038718ff0e0
Event: 5319.343 Thread 0x000001858671caa0 DEOPT UNPACKING pc=0x00000185339b6da2 sp=0x00000038718fef80 mode 2
Event: 5319.364 Thread 0x0000018588add4e0 Uncommon trap: trap_request=0xffffffd6 fr.pc=0x0000018533f466c8 relative=0x0000000000000308
Event: 5319.364 Thread 0x0000018588add4e0 Uncommon trap: reason=array_check action=maybe_recompile pc=0x0000018533f466c8 method=java.util.concurrent.ScheduledThreadPoolExecutor$DelayedWorkQueue.offer(Ljava/lang/Runnable;)Z @ 65 c2
Event: 5319.364 Thread 0x0000018588add4e0 DEOPT PACKING pc=0x0000018533f466c8 sp=0x00000038717ff4a0
Event: 5319.364 Thread 0x0000018588add4e0 DEOPT UNPACKING pc=0x00000185339b6da2 sp=0x00000038717ff340 mode 2
Event: 5320.323 Thread 0x000001858671caa0 Uncommon trap: trap_request=0xffffffd6 fr.pc=0x0000018533f466c8 relative=0x0000000000000308
Event: 5320.323 Thread 0x000001858671caa0 Uncommon trap: reason=array_check action=maybe_recompile pc=0x0000018533f466c8 method=java.util.concurrent.ScheduledThreadPoolExecutor$DelayedWorkQueue.offer(Ljava/lang/Runnable;)Z @ 65 c2
Event: 5320.323 Thread 0x000001858671caa0 DEOPT PACKING pc=0x0000018533f466c8 sp=0x00000038718ff0e0
Event: 5320.323 Thread 0x000001858671caa0 DEOPT UNPACKING pc=0x00000185339b6da2 sp=0x00000038718fef80 mode 2
Event: 5321.330 Thread 0x000001858671caa0 Uncommon trap: trap_request=0xffffffd6 fr.pc=0x0000018533f466c8 relative=0x0000000000000308
Event: 5321.330 Thread 0x000001858671caa0 Uncommon trap: reason=array_check action=maybe_recompile pc=0x0000018533f466c8 method=java.util.concurrent.ScheduledThreadPoolExecutor$DelayedWorkQueue.offer(Ljava/lang/Runnable;)Z @ 65 c2
Event: 5321.330 Thread 0x000001858671caa0 DEOPT PACKING pc=0x0000018533f466c8 sp=0x00000038718ff0e0
Event: 5321.330 Thread 0x000001858671caa0 DEOPT UNPACKING pc=0x00000185339b6da2 sp=0x00000038718fef80 mode 2

Classes loaded (20 events):
Event: 861.043 Loading class java/util/concurrent/CompletableFuture$UniHandle
Event: 861.044 Loading class java/util/concurrent/CompletableFuture$UniHandle done
Event: 995.186 Loading class jdk/internal/module/IllegalAccessLogger
Event: 995.186 Loading class jdk/internal/module/IllegalAccessLogger done
Event: 995.518 Loading class java/nio/BufferMismatch
Event: 995.518 Loading class java/nio/BufferMismatch done
Event: 1082.714 Loading class jdk/internal/module/IllegalAccessLogger
Event: 1082.714 Loading class jdk/internal/module/IllegalAccessLogger done
Event: 1594.344 Loading class jdk/internal/module/IllegalAccessLogger
Event: 1594.344 Loading class jdk/internal/module/IllegalAccessLogger done
Event: 1721.870 Loading class jdk/internal/module/IllegalAccessLogger
Event: 1721.870 Loading class jdk/internal/module/IllegalAccessLogger done
Event: 4341.144 Loading class sun/security/ssl/Alert
Event: 4341.183 Loading class sun/security/ssl/Alert done
Event: 4341.278 Loading class sun/security/ssl/Alert$AlertConsumer
Event: 4341.315 Loading class sun/security/ssl/Alert$AlertConsumer done
Event: 4341.338 Loading class sun/security/ssl/Alert$Level
Event: 4341.343 Loading class sun/security/ssl/Alert$Level done
Event: 4342.247 Loading class jdk/internal/module/IllegalAccessLogger
Event: 4342.247 Loading class jdk/internal/module/IllegalAccessLogger done

Classes unloaded (20 events):
Event: 4338.704 Thread 0x000001853fc1fad0 Unloading class 0x000001854100d800 'java/lang/invoke/LambdaForm$MH+0x000001854100d800'
Event: 4338.704 Thread 0x000001853fc1fad0 Unloading class 0x000001854100d400 'java/lang/invoke/LambdaForm$MH+0x000001854100d400'
Event: 4338.704 Thread 0x000001853fc1fad0 Unloading class 0x000001854100d000 'java/lang/invoke/LambdaForm$MH+0x000001854100d000'
Event: 4338.704 Thread 0x000001853fc1fad0 Unloading class 0x000001854100cc00 'java/lang/invoke/LambdaForm$MH+0x000001854100cc00'
Event: 4338.704 Thread 0x000001853fc1fad0 Unloading class 0x000001854100c800 'java/lang/invoke/LambdaForm$BMH+0x000001854100c800'
Event: 4338.704 Thread 0x000001853fc1fad0 Unloading class 0x000001854100c000 'java/lang/invoke/LambdaForm$DMH+0x000001854100c000'
Event: 4338.704 Thread 0x000001853fc1fad0 Unloading class 0x0000018541008c00 'java/lang/invoke/LambdaForm$MH+0x0000018541008c00'
Event: 4338.704 Thread 0x000001853fc1fad0 Unloading class 0x0000018541008800 'java/lang/invoke/LambdaForm$MH+0x0000018541008800'
Event: 4338.704 Thread 0x000001853fc1fad0 Unloading class 0x0000018541008400 'java/lang/invoke/LambdaForm$MH+0x0000018541008400'
Event: 4338.705 Thread 0x000001853fc1fad0 Unloading class 0x0000018541007000 'java/lang/invoke/LambdaForm$MH+0x0000018541007000'
Event: 4338.705 Thread 0x000001853fc1fad0 Unloading class 0x0000018541006800 'java/lang/invoke/LambdaForm$MH+0x0000018541006800'
Event: 4338.705 Thread 0x000001853fc1fad0 Unloading class 0x0000018541006400 'java/lang/invoke/LambdaForm$MH+0x0000018541006400'
Event: 4338.705 Thread 0x000001853fc1fad0 Unloading class 0x0000018541006000 'java/lang/invoke/LambdaForm$MH+0x0000018541006000'
Event: 4338.705 Thread 0x000001853fc1fad0 Unloading class 0x0000018541005c00 'java/lang/invoke/LambdaForm$BMH+0x0000018541005c00'
Event: 4338.705 Thread 0x000001853fc1fad0 Unloading class 0x0000018541004800 'java/lang/invoke/LambdaForm$DMH+0x0000018541004800'
Event: 4338.705 Thread 0x000001853fc1fad0 Unloading class 0x0000018541002800 'java/lang/invoke/LambdaForm$MH+0x0000018541002800'
Event: 4338.705 Thread 0x000001853fc1fad0 Unloading class 0x0000018541002400 'java/lang/invoke/LambdaForm$MH+0x0000018541002400'
Event: 4338.705 Thread 0x000001853fc1fad0 Unloading class 0x0000018541002000 'java/lang/invoke/LambdaForm$MH+0x0000018541002000'
Event: 4338.705 Thread 0x000001853fc1fad0 Unloading class 0x0000018541001800 'java/lang/invoke/LambdaForm$MH+0x0000018541001800'
Event: 4338.705 Thread 0x000001853fc1fad0 Unloading class 0x0000018541000400 'java/lang/invoke/LambdaForm$MH+0x0000018541000400'

Classes redefined (0 events):
No events

Internal exceptions (20 events):
Event: 4342.243 Thread 0x0000018588ad7f90 Implicit null exception at 0x00000185346e4535 to 0x00000185346e46ac
Event: 4342.364 Thread 0x0000018591fec930 Implicit null exception at 0x0000018534c2407c to 0x0000018534c24e54
Event: 4342.367 Thread 0x0000018591fec930 Implicit null exception at 0x0000018535191c38 to 0x000001853519217c
Event: 4342.369 Thread 0x0000018591fec930 Implicit null exception at 0x0000018534d7f005 to 0x0000018534d7f22c
Event: 4342.528 Thread 0x0000018588ad7f90 Implicit null exception at 0x0000018534dc9808 to 0x0000018534dcac44
Event: 4342.531 Thread 0x0000018588ad7f90 Exception <a 'java/lang/NoSuchMethodError'{0x00000000d5746890}: 'void java.lang.invoke.DelegatingMethodHandle$Holder.reinvoke_L(java.lang.Object, java.lang.Object, int)'> (0x00000000d5746890) 
thrown [s\src\hotspot\share\interpreter\linkResolver.cpp, line 773]
Event: 4342.534 Thread 0x000001858692bda0 Exception <a 'sun/nio/fs/WindowsException'{0x00000000d56d54a8}> (0x00000000d56d54a8) 
thrown [s\src\hotspot\share\prims\jni.cpp, line 520]
Event: 4342.536 Thread 0x000001858692bda0 Implicit null exception at 0x00000185344cdd66 to 0x00000185344cde58
Event: 4342.537 Thread 0x0000018588ad7f90 Implicit null exception at 0x0000018534dbd79e to 0x0000018534dc0750
Event: 4342.758 Thread 0x000001858692bda0 Implicit null exception at 0x00000185351c7e6f to 0x00000185351ce188
Event: 4342.811 Thread 0x000001858692bda0 Implicit null exception at 0x0000018534876b5c to 0x0000018534877028
Event: 4342.812 Thread 0x000001858692bda0 Implicit null exception at 0x000001853484fb6b to 0x000001853484ff80
Event: 4638.542 Thread 0x0000018588ad7f90 Exception <a 'sun/nio/fs/WindowsException'{0x00000000d5d436d0}> (0x00000000d5d436d0) 
thrown [s\src\hotspot\share\prims\jni.cpp, line 520]
Event: 4638.544 Thread 0x0000018588ad7f90 Exception <a 'sun/nio/fs/WindowsException'{0x00000000d5d43f98}> (0x00000000d5d43f98) 
thrown [s\src\hotspot\share\prims\jni.cpp, line 520]
Event: 4638.698 Thread 0x0000018588ad7f90 Implicit null exception at 0x0000018533f3ae35 to 0x0000018533f3b0b5
Event: 4638.822 Thread 0x0000018588ad7f90 Exception <a 'java/lang/NoSuchMethodError'{0x00000000d5ecc390}: static Lorg/eclipse/m2e/core/internal/lifecyclemapping/model/PluginExecutionMetadata;.<clinit>()V> (0x00000000d5ecc390) 
thrown [s\src\hotspot\share\prims\jni.cpp, line 1111]
Event: 4638.834 Thread 0x0000018588ad7f90 Exception <a 'java/lang/NoSuchMethodError'{0x00000000d5eedef0}: static Lorg/eclipse/m2e/core/internal/lifecyclemapping/model/PluginExecutionFilter;.<clinit>()V> (0x00000000d5eedef0) 
thrown [s\src\hotspot\share\prims\jni.cpp, line 1111]
Event: 4638.837 Thread 0x0000018588ad7f90 Exception <a 'java/lang/NoSuchMethodError'{0x00000000d5f01e18}: static Lorg/eclipse/m2e/core/internal/project/registry/MavenProjectFacade$MavenProjectConfiguration;.<clinit>()V> (0x00000000d5f01e18) 
thrown [s\src\hotspot\share\prims\jni.cpp, line 1111]
Event: 4638.841 Thread 0x0000018588ad7f90 Exception <a 'java/lang/NoSuchMethodError'{0x00000000d5f1cc40}: static [J.<clinit>()V> (0x00000000d5f1cc40) 
thrown [s\src\hotspot\share\prims\jni.cpp, line 1111]
Event: 4638.882 Thread 0x0000018588ad7f90 Implicit null exception at 0x0000018535004ede to 0x0000018535005644

ZGC Phase Switch (0 events):
No events

VM Operations (20 events):
Event: 5231.223 Executing non-safepoint VM operation: RendezvousGCThreads
Event: 5231.223 Executing non-safepoint VM operation: RendezvousGCThreads done
Event: 5240.267 Executing safepoint VM operation: Cleanup
Event: 5240.267 Executing safepoint VM operation: Cleanup done
Event: 5249.344 Executing safepoint VM operation: Cleanup
Event: 5249.344 Executing safepoint VM operation: Cleanup done
Event: 5319.814 Executing safepoint VM operation: Cleanup
Event: 5319.814 Executing safepoint VM operation: Cleanup done
Event: 5322.829 Executing safepoint VM operation: Cleanup
Event: 5322.829 Executing safepoint VM operation: Cleanup done
Event: 5329.877 Executing safepoint VM operation: Cleanup
Event: 5329.877 Executing safepoint VM operation: Cleanup done
Event: 5471.998 Executing non-safepoint VM operation: HandshakeAllThreads (HandshakeForDeflation)
Event: 5471.998 Executing non-safepoint VM operation: HandshakeAllThreads (HandshakeForDeflation) done
Event: 5471.998 Executing non-safepoint VM operation: RendezvousGCThreads
Event: 5471.998 Executing non-safepoint VM operation: RendezvousGCThreads done
Event: 5532.048 Executing non-safepoint VM operation: HandshakeAllThreads (HandshakeForDeflation)
Event: 5532.048 Executing non-safepoint VM operation: HandshakeAllThreads (HandshakeForDeflation) done
Event: 5532.048 Executing non-safepoint VM operation: RendezvousGCThreads
Event: 5532.048 Executing non-safepoint VM operation: RendezvousGCThreads done

Memory protections (0 events):
No events

Nmethod flushes (20 events):
Event: 4340.545 Thread 0x000001853fc1fad0 flushing  nmethod 0x000001852e880f90
Event: 4340.545 Thread 0x000001853fc1fad0 flushing  nmethod 0x000001852e8ad810
Event: 4340.545 Thread 0x000001853fc1fad0 flushing  nmethod 0x000001852e8bf390
Event: 4340.545 Thread 0x000001853fc1fad0 flushing  nmethod 0x000001852e8d3890
Event: 4340.545 Thread 0x000001853fc1fad0 flushing  nmethod 0x000001852e91ff10
Event: 4340.545 Thread 0x000001853fc1fad0 flushing  nmethod 0x000001852e922990
Event: 4340.545 Thread 0x000001853fc1fad0 flushing  nmethod 0x000001852e970010
Event: 4340.545 Thread 0x000001853fc1fad0 flushing  nmethod 0x000001852e990510
Event: 4340.545 Thread 0x000001853fc1fad0 flushing  nmethod 0x000001852ea19090
Event: 4340.545 Thread 0x000001853fc1fad0 flushing  nmethod 0x000001852ea6fc10
Event: 4340.545 Thread 0x000001853fc1fad0 flushing  nmethod 0x000001852eaa4890
Event: 4340.545 Thread 0x000001853fc1fad0 flushing  nmethod 0x000001852eaa6390
Event: 4340.545 Thread 0x000001853fc1fad0 flushing  nmethod 0x000001852eaa7190
Event: 4340.545 Thread 0x000001853fc1fad0 flushing  nmethod 0x000001852ec06e10
Event: 4340.545 Thread 0x000001853fc1fad0 flushing  nmethod 0x000001852ec08890
Event: 4340.545 Thread 0x000001853fc1fad0 flushing  nmethod 0x000001852ec11410
Event: 4340.545 Thread 0x000001853fc1fad0 flushing  nmethod 0x000001852ec15c90
Event: 4340.545 Thread 0x000001853fc1fad0 flushing  nmethod 0x000001852efb3c90
Event: 4340.545 Thread 0x000001853fc1fad0 flushing  nmethod 0x000001852f437d10
Event: 4340.545 Thread 0x000001853fc1fad0 flushing  nmethod 0x000001852f754310

Events (20 events):
Event: 3369.838 Thread 0x0000018591feaef0 Thread exited: 0x0000018591feaef0
Event: 3370.102 Thread 0x0000018591fef720 Thread added: 0x0000018591fe9b40
Event: 3370.105 Thread 0x0000018591fef720 Thread exited: 0x0000018591fef720
Event: 3482.560 Thread 0x0000018591fef090 Thread exited: 0x0000018591fef090
Event: 3542.583 Thread 0x0000018591fe94b0 Thread exited: 0x0000018591fe94b0
Event: 3602.576 Thread 0x0000018591fea1d0 Thread exited: 0x0000018591fea1d0
Event: 4338.353 Thread 0x0000018591fe8100 Thread added: 0x0000018591fef090
Event: 4341.121 Thread 0x0000018588ad7f90 Thread added: 0x0000018591feaef0
Event: 4341.741 Thread 0x0000018588ad7f90 Thread added: 0x0000018591fec2a0
Event: 4341.742 Thread 0x0000018588ad7f90 Thread added: 0x0000018591fee370
Event: 4342.320 Thread 0x0000018588ad7f90 Thread added: 0x0000018591fec930
Event: 4402.494 Thread 0x0000018591fec930 Thread exited: 0x0000018591fec930
Event: 4403.403 Thread 0x0000018591fef090 Thread exited: 0x0000018591fef090
Event: 4403.459 Thread 0x0000018591fe8100 Thread exited: 0x0000018591fe8100
Event: 4638.560 Thread 0x0000018588ad7f90 Thread added: 0x0000018591fe8100
Event: 4638.568 Thread 0x0000018591fe8100 Thread exited: 0x0000018591fe8100
Event: 4638.866 Thread 0x0000018588ad7f90 Thread added: 0x0000018591fed650
Event: 4638.867 Thread 0x0000018591fed650 Thread exited: 0x0000018591fed650
Event: 4641.813 Thread 0x0000018591fee370 Thread exited: 0x0000018591fee370
Event: 4642.424 Thread 0x0000018591fec2a0 Thread exited: 0x0000018591fec2a0


Dynamic libraries:
0x00007ff740920000 - 0x00007ff74092e000 	c:\Users\chaut\.antigravity\extensions\redhat.java-1.54.0-win32-x64\jre\21.0.10-win32-x86_64\bin\java.exe
0x00007ffef50b0000 - 0x00007ffef52c8000 	C:\WINDOWS\SYSTEM32\ntdll.dll
0x00007ffef3010000 - 0x00007ffef30d4000 	C:\WINDOWS\System32\KERNEL32.DLL
0x00007ffef25e0000 - 0x00007ffef29b3000 	C:\WINDOWS\System32\KERNELBASE.dll
0x00007ffef2350000 - 0x00007ffef2461000 	C:\WINDOWS\System32\ucrtbase.dll
0x00007ffeafe30000 - 0x00007ffeafe48000 	c:\Users\chaut\.antigravity\extensions\redhat.java-1.54.0-win32-x64\jre\21.0.10-win32-x86_64\bin\jli.dll
0x00007ffef44e0000 - 0x00007ffef4692000 	C:\WINDOWS\System32\USER32.dll
0x00007ffef2260000 - 0x00007ffef2286000 	C:\WINDOWS\System32\win32u.dll
0x00007ffef44b0000 - 0x00007ffef44d9000 	C:\WINDOWS\System32\GDI32.dll
0x00007ffef2bb0000 - 0x00007ffef2ccb000 	C:\WINDOWS\System32\gdi32full.dll
0x00007ffef21c0000 - 0x00007ffef225a000 	C:\WINDOWS\System32\msvcp_win.dll
0x00007ffeafc70000 - 0x00007ffeafc8e000 	c:\Users\chaut\.antigravity\extensions\redhat.java-1.54.0-win32-x64\jre\21.0.10-win32-x86_64\bin\VCRUNTIME140.dll
0x00007ffede2d0000 - 0x00007ffede56c000 	C:\WINDOWS\WinSxS\amd64_microsoft.windows.common-controls_6595b64144ccf1df_6.0.22621.6060_none_2712eda17382d24b\COMCTL32.dll
0x00007ffef4730000 - 0x00007ffef47d7000 	C:\WINDOWS\System32\msvcrt.dll
0x00007ffef4360000 - 0x00007ffef4391000 	C:\WINDOWS\System32\IMM32.DLL
0x00007ffed2590000 - 0x00007ffed259c000 	c:\Users\chaut\.antigravity\extensions\redhat.java-1.54.0-win32-x64\jre\21.0.10-win32-x86_64\bin\vcruntime140_1.dll
0x00007ffea23b0000 - 0x00007ffea243d000 	c:\Users\chaut\.antigravity\extensions\redhat.java-1.54.0-win32-x64\jre\21.0.10-win32-x86_64\bin\msvcp140.dll
0x00007ffe8f530000 - 0x00007ffe902d1000 	c:\Users\chaut\.antigravity\extensions\redhat.java-1.54.0-win32-x64\jre\21.0.10-win32-x86_64\bin\server\jvm.dll
0x00007ffef3650000 - 0x00007ffef3701000 	C:\WINDOWS\System32\ADVAPI32.dll
0x00007ffef2d50000 - 0x00007ffef2df8000 	C:\WINDOWS\System32\sechost.dll
0x00007ffef2470000 - 0x00007ffef2498000 	C:\WINDOWS\System32\bcrypt.dll
0x00007ffef3710000 - 0x00007ffef3828000 	C:\WINDOWS\System32\RPCRT4.dll
0x00007ffef4890000 - 0x00007ffef4901000 	C:\WINDOWS\System32\WS2_32.dll
0x00007ffef2090000 - 0x00007ffef20dd000 	C:\WINDOWS\SYSTEM32\POWRPROF.dll
0x00007ffeea4b0000 - 0x00007ffeea4e4000 	C:\WINDOWS\SYSTEM32\WINMM.dll
0x00007ffee9ec0000 - 0x00007ffee9eca000 	C:\WINDOWS\SYSTEM32\VERSION.dll
0x00007ffef2070000 - 0x00007ffef2083000 	C:\WINDOWS\SYSTEM32\UMPDC.dll
0x00007ffef11a0000 - 0x00007ffef11b8000 	C:\WINDOWS\SYSTEM32\kernel.appcore.dll
0x00007ffed1f50000 - 0x00007ffed1f5a000 	c:\Users\chaut\.antigravity\extensions\redhat.java-1.54.0-win32-x64\jre\21.0.10-win32-x86_64\bin\jimage.dll
0x00007ffeefb00000 - 0x00007ffeefd33000 	C:\WINDOWS\SYSTEM32\DBGHELP.DLL
0x00007ffef32a0000 - 0x00007ffef3631000 	C:\WINDOWS\System32\combase.dll
0x00007ffef2f10000 - 0x00007ffef2fe8000 	C:\WINDOWS\System32\OLEAUT32.dll
0x00007ffecb080000 - 0x00007ffecb0b2000 	C:\WINDOWS\SYSTEM32\dbgcore.DLL
0x00007ffef2cd0000 - 0x00007ffef2d4b000 	C:\WINDOWS\System32\bcryptPrimitives.dll
0x00007ffed1cd0000 - 0x00007ffed1cdf000 	c:\Users\chaut\.antigravity\extensions\redhat.java-1.54.0-win32-x64\jre\21.0.10-win32-x86_64\bin\instrument.dll
0x00007ffeaf950000 - 0x00007ffeaf970000 	c:\Users\chaut\.antigravity\extensions\redhat.java-1.54.0-win32-x64\jre\21.0.10-win32-x86_64\bin\java.dll
0x00007ffef3830000 - 0x00007ffef40cc000 	C:\WINDOWS\System32\SHELL32.dll
0x00007ffef24a0000 - 0x00007ffef25df000 	C:\WINDOWS\System32\wintypes.dll
0x00007ffef00c0000 - 0x00007ffef09da000 	C:\WINDOWS\SYSTEM32\windows.storage.dll
0x00007ffef4250000 - 0x00007ffef4354000 	C:\WINDOWS\System32\SHCORE.dll
0x00007ffef46c0000 - 0x00007ffef4729000 	C:\WINDOWS\System32\shlwapi.dll
0x00007ffef20f0000 - 0x00007ffef2115000 	C:\WINDOWS\SYSTEM32\profapi.dll
0x00007ffeaf610000 - 0x00007ffeaf628000 	c:\Users\chaut\.antigravity\extensions\redhat.java-1.54.0-win32-x64\jre\21.0.10-win32-x86_64\bin\zip.dll
0x00007ffed1b80000 - 0x00007ffed1b90000 	C:\Users\chaut\.antigravity\extensions\redhat.java-1.54.0-win32-x64\jre\21.0.10-win32-x86_64\bin\net.dll
0x00007ffeebce0000 - 0x00007ffeebe0c000 	C:\WINDOWS\SYSTEM32\WINHTTP.dll
0x00007ffef1680000 - 0x00007ffef16e9000 	C:\WINDOWS\system32\mswsock.dll
0x00007ffeae1f0000 - 0x00007ffeae206000 	C:\Users\chaut\.antigravity\extensions\redhat.java-1.54.0-win32-x64\jre\21.0.10-win32-x86_64\bin\nio.dll
0x00007ffed1b50000 - 0x00007ffed1b60000 	c:\Users\chaut\.antigravity\extensions\redhat.java-1.54.0-win32-x64\jre\21.0.10-win32-x86_64\bin\verify.dll
0x00007ffeb65b0000 - 0x00007ffeb65f5000 	C:\Users\chaut\AppData\Roaming\Antigravity\User\globalStorage\redhat.java\1.54.0\config_win\org.eclipse.equinox.launcher\org.eclipse.equinox.launcher.win32.win32.x86_64_1.3.0.v20260203-2149\eclipse_11919.dll
0x00007ffef4920000 - 0x00007ffef4ac1000 	C:\WINDOWS\System32\ole32.dll
0x00007ffef18d0000 - 0x00007ffef18eb000 	C:\WINDOWS\SYSTEM32\CRYPTSP.dll
0x00007ffef1100000 - 0x00007ffef1137000 	C:\WINDOWS\system32\rsaenh.dll
0x00007ffef1770000 - 0x00007ffef1798000 	C:\WINDOWS\SYSTEM32\USERENV.dll
0x00007ffef18f0000 - 0x00007ffef18fc000 	C:\WINDOWS\SYSTEM32\CRYPTBASE.dll
0x00007ffef0c40000 - 0x00007ffef0c6d000 	C:\WINDOWS\SYSTEM32\IPHLPAPI.DLL
0x00007ffef4240000 - 0x00007ffef4249000 	C:\WINDOWS\System32\NSI.dll
0x00007ffead630000 - 0x00007ffead679000 	C:\Users\chaut\AppData\Local\Temp\jna-94623803\jna706866107265423047.dll
0x00007ffef4910000 - 0x00007ffef4918000 	C:\WINDOWS\System32\PSAPI.DLL
0x00007ffeeb100000 - 0x00007ffeeb119000 	C:\WINDOWS\SYSTEM32\dhcpcsvc6.DLL
0x00007ffeeaf40000 - 0x00007ffeeaf5f000 	C:\WINDOWS\SYSTEM32\dhcpcsvc.DLL
0x00007ffef0cb0000 - 0x00007ffef0da8000 	C:\WINDOWS\SYSTEM32\DNSAPI.dll
0x00007ffee9c00000 - 0x00007ffee9c0a000 	C:\Windows\System32\rasadhlp.dll
0x00007ffee9c50000 - 0x00007ffee9cd4000 	C:\WINDOWS\System32\fwpuclnt.dll
0x00007ffedc4b0000 - 0x00007ffedc4b9000 	C:\Users\chaut\.antigravity\extensions\redhat.java-1.54.0-win32-x64\jre\21.0.10-win32-x86_64\bin\extnet.dll
0x00007ffed2870000 - 0x00007ffed287e000 	C:\Users\chaut\.antigravity\extensions\redhat.java-1.54.0-win32-x64\jre\21.0.10-win32-x86_64\bin\sunmscapi.dll
0x00007ffef2a40000 - 0x00007ffef2ba8000 	C:\WINDOWS\System32\CRYPT32.dll
0x00007ffef1a70000 - 0x00007ffef1a9e000 	C:\WINDOWS\SYSTEM32\ncrypt.dll
0x00007ffef1a30000 - 0x00007ffef1a67000 	C:\WINDOWS\SYSTEM32\NTASN1.dll

JVMTI agents:
c:\Users\chaut\.antigravity\extensions\redhat.java-1.54.0-win32-x64\lombok\lombok-1.18.39-4050.jar path:c:\Users\chaut\.antigravity\extensions\redhat.java-1.54.0-win32-x64\jre\21.0.10-win32-x86_64\bin\instrument.dll, loaded, initialized, instrumentlib options:none

dbghelp: loaded successfully - version: 4.0.5 - missing functions: none
symbol engine: initialized successfully - sym options: 0x614 - pdb path: .;c:\Users\chaut\.antigravity\extensions\redhat.java-1.54.0-win32-x64\jre\21.0.10-win32-x86_64\bin;C:\WINDOWS\SYSTEM32;C:\WINDOWS\WinSxS\amd64_microsoft.windows.common-controls_6595b64144ccf1df_6.0.22621.6060_none_2712eda17382d24b;c:\Users\chaut\.antigravity\extensions\redhat.java-1.54.0-win32-x64\jre\21.0.10-win32-x86_64\bin\server;C:\Users\chaut\AppData\Roaming\Antigravity\User\globalStorage\redhat.java\1.54.0\config_win\org.eclipse.equinox.launcher\org.eclipse.equinox.launcher.win32.win32.x86_64_1.3.0.v20260203-2149;C:\Users\chaut\AppData\Local\Temp\jna-94623803

VM Arguments:
jvm_args: --add-modules=ALL-SYSTEM --add-opens=java.base/java.util=ALL-UNNAMED --add-opens=java.base/java.lang=ALL-UNNAMED --add-opens=java.base/sun.nio.fs=ALL-UNNAMED -Declipse.application=org.eclipse.jdt.ls.core.id1 -Dosgi.bundles.defaultStartLevel=4 -Declipse.product=org.eclipse.jdt.ls.core.product -Djava.import.generatesMetadataFilesAtProjectRoot=false -DDetectVMInstallationsJob.disabled=true -Dfile.encoding=utf8 -XX:+UseParallelGC -XX:GCTimeRatio=4 -XX:AdaptiveSizePolicyWeight=90 -Dsun.zip.disableMemoryMapping=true -Xmx2G -Xms100m -Xlog:disable -javaagent:c:\Users\chaut\.antigravity\extensions\redhat.java-1.54.0-win32-x64\lombok\lombok-1.18.39-4050.jar -XX:+HeapDumpOnOutOfMemoryError -XX:HeapDumpPath=c:\Users\chaut\AppData\Roaming\Antigravity\User\workspaceStorage\2a876be421e89e90d1b120b765d08934\redhat.java -Daether.dependencyCollector.impl=bf 
java_command: c:\Users\chaut\.antigravity\extensions\redhat.java-1.54.0-win32-x64\server\plugins\org.eclipse.equinox.launcher_1.7.100.v20251111-0406.jar -configuration c:\Users\chaut\AppData\Roaming\Antigravity\User\globalStorage\redhat.java\1.54.0\config_win -data c:\Users\chaut\AppData\Roaming\Antigravity\User\workspaceStorage\2a876be421e89e90d1b120b765d08934\redhat.java\jdt_ws --pipe=\\.\pipe\lsp-773dc298893cedcbeaae984737d7c0dd-sock
java_class_path (initial): c:\Users\chaut\.antigravity\extensions\redhat.java-1.54.0-win32-x64\server\plugins\org.eclipse.equinox.launcher_1.7.100.v20251111-0406.jar
Launcher Type: SUN_STANDARD

[Global flags]
    uintx AdaptiveSizePolicyWeight                 = 90                                        {product} {command line}
     intx CICompilerCount                          = 3                                         {product} {ergonomic}
    uintx GCTimeRatio                              = 4                                         {product} {command line}
     bool HeapDumpOnOutOfMemoryError               = true                                   {manageable} {command line}
    ccstr HeapDumpPath                             = c:\Users\chaut\AppData\Roaming\Antigravity\User\workspaceStorage\2a876be421e89e90d1b120b765d08934\redhat.java         {manageable} {command line}
   size_t InitialHeapSize                          = 104857600                                 {product} {command line}
   size_t MaxHeapSize                              = 2147483648                                {product} {command line}
   size_t MaxNewSize                               = 715653120                                 {product} {ergonomic}
   size_t MinHeapDeltaBytes                        = 524288                                    {product} {ergonomic}
   size_t MinHeapSize                              = 104857600                                 {product} {command line}
   size_t NewSize                                  = 34603008                                  {product} {ergonomic}
    uintx NonNMethodCodeHeapSize                   = 5832780                                {pd product} {ergonomic}
    uintx NonProfiledCodeHeapSize                  = 122912730                              {pd product} {ergonomic}
   size_t OldSize                                  = 70254592                                  {product} {ergonomic}
    uintx ProfiledCodeHeapSize                     = 122912730                              {pd product} {ergonomic}
    uintx ReservedCodeCacheSize                    = 251658240                              {pd product} {ergonomic}
     bool SegmentedCodeCache                       = true                                      {product} {ergonomic}
   size_t SoftMaxHeapSize                          = 2147483648                             {manageable} {ergonomic}
     bool UseCompressedOops                        = true                           {product lp64_product} {ergonomic}
     bool UseLargePagesIndividualAllocation        = false                                  {pd product} {ergonomic}
     bool UseParallelGC                            = true                                      {product} {command line}

Logging:
Log output configuration:
 #0: stdout all=off uptime,level,tags foldmultilines=false
 #1: stderr all=off uptime,level,tags foldmultilines=false

Release file:
JAVA_VERSION="21.0.10" 
MODULES="java.base java.compiler java.datatransfer java.xml java.prefs java.desktop java.instrument java.logging java.management java.security.sasl java.naming java.rmi java.management.rmi java.net.http java.scripting java.security.jgss java.transaction.xa java.sql java.sql.rowset java.xml.crypto java.se java.smartcardio jdk.accessibility jdk.internal.jvmstat jdk.attach jdk.charsets jdk.internal.opt jdk.zipfs jdk.compiler jdk.crypto.ec jdk.crypto.cryptoki jdk.crypto.mscapi jdk.dynalink jdk.internal.ed jdk.editpad jdk.hotspot.agent jdk.httpserver jdk.internal.le jdk.internal.vm.ci jdk.internal.vm.compiler jdk.internal.vm.compiler.management jdk.jartool jdk.javadoc jdk.jcmd jdk.management jdk.management.agent jdk.jconsole jdk.jdeps jdk.jdwp.agent jdk.jdi jdk.jfr jdk.jshell jdk.jsobject jdk.jstatd jdk.localedata jdk.management.jfr jdk.naming.dns jdk.naming.rmi jdk.net jdk.nio.mapmode jdk.random jdk.sctp jdk.security.auth jdk.security.jgss jdk.unsupported jdk.unsupported.desktop jdk.xml.dom" 

Environment Variables:
PATH=C:\Program Files\Common Files\Oracle\Java\javapath;C:\WINDOWS\system32;C:\WINDOWS;C:\WINDOWS\System32\Wbem;C:\WINDOWS\System32\WindowsPowerShell\v1.0\;C:\WINDOWS\System32\OpenSSH\;C:\Program Files\Microsoft VS Code\bin;C:\Program Files\cursor\resources\app\bin;D:\Program Files\nodejs\;C:\xampp\php;C:\ProgramData\ComposerSetup\bin;C:\Program Files\dotnet\;C:\Program Files\Microsoft SQL Server\170\Tools\Binn\;C:\Program Files\Microsoft SQL Server\Client SDK\ODBC\170\Tools\Binn\;C:\Program Files (x86)\Microsoft SQL Server\160\Tools\Binn\;C:\Program Files\Microsoft SQL Server\160\Tools\Binn\;C:\Program Files\Microsoft SQL Server\160\DTS\Binn\;C:\Program Files\Git\cmd;C:\Program Files\Java\jdk-17\bin;C:\Users\chaut\AppData\Local\Programs\Python\Python314\Scripts\;C:\Users\chaut\AppData\Local\Programs\Python\Python314\;C:\Users\chaut\AppData\Local\Microsoft\WindowsApps;C:\Users\chaut\AppData\Roaming\npm;C:\Users\chaut\AppData\Roaming\Composer\vendor\bin;C:\Users\chaut\.dotnet\tools;C:\Users\chaut\AppData\Local\Programs\Antigravity\bin;C:\Users\chaut\AppData\Local\Programs\Antigravity IDE\bin
USERNAME=chaut
OS=Windows_NT
PROCESSOR_IDENTIFIER=Intel64 Family 6 Model 140 Stepping 1, GenuineIntel
TMP=C:\Users\chaut\AppData\Local\Temp
TEMP=C:\Users\chaut\AppData\Local\Temp




Periodic native trim disabled

---------------  S Y S T E M  ---------------

OS:
 Windows 11 , 64 bit Build 22621 (10.0.22621.5415)
OS uptime: 21 days 21:26 hours

CPU: total 4 (initial active 4) (2 cores per cpu, 2 threads per core) family 6 model 140 stepping 1 microcode 0xbe, cx8, cmov, fxsr, ht, mmx, 3dnowpref, sse, sse2, sse3, ssse3, sse4.1, sse4.2, popcnt, lzcnt, tsc, tscinvbit, avx, avx2, aes, erms, clmul, bmi1, bmi2, adx, avx512f, avx512dq, avx512cd, avx512bw, avx512vl, sha, fma, vzeroupper, avx512_vpopcntdq, avx512_vpclmulqdq, avx512_vaes, avx512_vnni, clflush, clflushopt, clwb, avx512_vbmi2, avx512_vbmi, rdtscp, rdpid, fsrm, gfni, avx512_bitalg, f16c, pku, cet_ibt, cet_ss, avx512_ifma
Processor Information for the first 4 processors :
  Max Mhz: 2995, Current Mhz: 2995, Mhz Limit: 2995

Memory: 4k page, system-wide physical 7914M (407M free)
TotalPageFile size 23112M (AvailPageFile size 4M)
current process WorkingSet (physical memory assigned to process): 19M, peak: 453M
current process commit charge ("private bytes"): 844M, peak: 849M

vm_info: OpenJDK 64-Bit Server VM (21.0.10+7-LTS) for windows-amd64 JRE (21.0.10+7-LTS), built on 2026-01-20T00:00:00Z by "admin" with MS VC++ 17.12 (VS2022)

END.
